<?xml version="1.0" encoding="UTF-8"?>
<!-- Generated by org.testng.reporters.JUnitReportReporter -->
<testsuite hostname="DESKTOP-1I1E6O5" name="codingRound.scripts.FlightBookingTest" tests="1" failures="0" timestamp="19 Oct 2017 15:25:26 GMT" time="13.874" errors="0">
  <testcase name="testFlightBooking" time="13.874" classname="codingRound.scripts.FlightBookingTest"/>
</testsuite> <!-- codingRound.scripts.FlightBookingTest -->
