<?xml version="1.0" encoding="UTF-8"?>
<!-- Generated by org.testng.reporters.JUnitReportReporter -->
<testsuite hostname="DESKTOP-1I1E6O5" name="codingRound.scripts.HotelBookingTest" tests="1" failures="0" timestamp="19 Oct 2017 15:25:26 GMT" time="12.090" errors="0">
  <testcase name="testHotelBooking" time="12.090" classname="codingRound.scripts.HotelBookingTest"/>
</testsuite> <!-- codingRound.scripts.HotelBookingTest -->
