<?xml version="1.0" encoding="UTF-8"?>
<!-- Generated by org.testng.reporters.JUnitReportReporter -->
<testsuite hostname="DESKTOP-1I1E6O5" name="codingRound.scripts.SignInTest" tests="1" failures="0" timestamp="19 Oct 2017 15:25:26 GMT" time="12.819" errors="0">
  <testcase name="testSignInPage" time="12.819" classname="codingRound.scripts.SignInTest"/>
</testsuite> <!-- codingRound.scripts.SignInTest -->
